<?xml version="1.0" ?>
<!DOCTYPE coverage SYSTEM "https://cobertura.sourceforge.net/xml/coverage-04.dtd">
<coverage branch-rate="0" branches-covered="0" branches-valid="0" complexity="0" line-rate="0.19010175763182238" lines-covered="411" lines-valid="2162" timestamp="1776819254" version="2.0.3">
    <sources>
        <source>/Users/nileshchakraborty/workspace/talos/sdks/rust</source>
    </sources>
    <packages>
        <package line-rate="0.5599455040871935" branch-rate="0" name="src" complexity="0">
            <classes>
                <class branch-rate="0" complexity="0" filename="src/a2a_v1.rs" line-rate="0.6175548589341693" name="src.a2a_v1.rs">
                    <methods>
                        <method name="&lt;talos_sdk::a2a_v1::A2AJsonRpcClient&gt;::with_api_token::&lt;&amp;str&gt;" signature="" complexity="0" line-rate="1" branch-rate="1">
                            <lines>
                                <line hits="2" number="89" branch="false"/>
                            </lines>
                        </method>
                        <method name="&lt;talos_sdk::a2a_v1::A2AJsonRpcClient&gt;::stream_with_handler::&lt;_&gt;" signature="" complexity="0" line-rate="0" branch-rate="0">
                            <lines>
                                <line hits="0" number="347" branch="false"/>
                            </lines>
                        </method>
                        <method name="&lt;talos_sdk::a2a_v1::A2AJsonRpcClient&gt;::new::&lt;alloc::string::String&gt;" signature="" complexity="0" line-rate="1" branch-rate="1">
                            <lines>
                                <line hits="2" number="75" branch="false"/>
                            </lines>
                        </method>
                        <method name="&lt;talos_sdk::a2a_v1::A2AJsonRpcClient&gt;::new::&lt;&amp;str&gt;" signature="" complexity="0" line-rate="1" branch-rate="1">
                            <lines>
                                <line hits="2" number="75" branch="false"/>
                            </lines>
                        </method>
                        <method name="talos_sdk::a2a_v1::drain_sse_buffer::&lt;talos_sdk::a2a_v1::extract_stream_results::{closure#0}&gt;" signature="" complexity="0" line-rate="1" branch-rate="1">
                            <lines>
                                <line hits="2" number="604" branch="false"/>
                            </lines>
                        </method>
                        <method name="talos_sdk::a2a_v1::drain_sse_buffer::&lt;talos_sdk::a2a_v1::tests::drains_partial_sse_buffers_incrementally::{closure#0}&gt;" signature="" complexity="0" line-rate="1" branch-rate="1">
                            <lines>
                                <line hits="1" number="604" branch="false"/>
                            </lines>
                        </method>
                        <method name="talos_sdk::a2a_v1::drain_sse_buffer::&lt;talos_sdk::a2a_v1::tests::drains_partial_sse_buffers_incrementally::{closure#1}&gt;" signature="" complexity="0" line-rate="1" branch-rate="1">
                            <lines>
                                <line hits="1" number="604" branch="false"/>
                            </lines>
                        </method>
                        <method name="&lt;talos_sdk::a2a_v1::A2AJsonRpcClient&gt;::stream_with_handler::&lt;_&gt;::{closure#0}" signature="" complexity="0" line-rate="0" branch-rate="0">
                            <lines>
                                <line hits="0" number="355" branch="false"/>
                            </lines>
                        </method>
                        <method name="&lt;talos_sdk::a2a_v1::A2AJsonRpcClient&gt;::stream_with_handler::&lt;_&gt;::{closure#0}::{closure#0}" signature="" complexity="0" line-rate="0" branch-rate="0">
                            <lines>
                                <line hits="0" number="371" branch="false"/>
                            </lines>
                        </method>
                        <method name="&lt;talos_sdk::a2a_v1::A2AJsonRpcClient&gt;::stream_events::{closure#0}::{closure#0}::{closure#0}" signature="" complexity="0" line-rate="1" branch-rate="1">
                            <lines>
                                <line hits="4" number="317" branch="false"/>
                            </lines>
                        </method>
                        <method name="&lt;talos_sdk::a2a_v1::A2AJsonRpcClient&gt;::stream_events::{closure#0}::{closure#0}" signature="" complexity="0" line-rate="1" branch-rate="1">
                            <lines>
                                <line hits="4" number="342" branch="false"/>
                            </lines>
                        </method>
                        <method name="&lt;talos_sdk::a2a_v1::A2AJsonRpcClient&gt;::set_task_push_notification_config::{closure#0}::{closure#0}" signature="" complexity="0" line-rate="0" branch-rate="0">
                            <lines>
                                <line hits="0" number="209" branch="false"/>
                            </lines>
                        </method>
                        <method name="&lt;talos_sdk::a2a_v1::A2AJsonRpcClient&gt;::stream::{closure#0}::{closure#0}" signature="" complexity="0" line-rate="0" branch-rate="0">
                            <lines>
                                <line hits="0" number="288" branch="false"/>
                            </lines>
                        </method>
                        <method name="talos_sdk::a2a_v1::extension_uris::{closure#1}::{closure#0}" signature="" complexity="0" line-rate="1" branch-rate="1">
                            <lines>
                                <line hits="6" number="526" branch="false"/>
                            </lines>
                        </method>
                        <method name="talos_sdk::a2a_v1::tests::spawn_test_server::{closure#0}::{closure#0}" signature="" complexity="0" line-rate="1" branch-rate="1">
                            <lines>
                                <line hits="2" number="841" branch="false"/>
                            </lines>
                        </method>
                        <method name="&lt;talos_sdk::a2a_v1::A2AJsonRpcClient&gt;::list_tasks::{closure#0}" signature="" complexity="0" line-rate="0" branch-rate="0">
                            <lines>
                                <line hits="0" number="173" branch="false"/>
                            </lines>
                        </method>
                        <method name="&lt;talos_sdk::a2a_v1::A2AJsonRpcClient&gt;::cancel_task::{closure#0}" signature="" complexity="0" line-rate="0" branch-rate="0">
                            <lines>
                                <line hits="0" number="168" branch="false"/>
                            </lines>
                        </method>
                        <method name="&lt;talos_sdk::a2a_v1::A2AJsonRpcClient&gt;::request_json::{closure#0}" signature="" complexity="0" line-rate="0" branch-rate="0">
                            <lines>
                                <line hits="0" number="384" branch="false"/>
                            </lines>
                        </method>
                        <method name="&lt;talos_sdk::a2a_v1::A2AJsonRpcClient&gt;::send_message::{closure#0}" signature="" complexity="0" line-rate="0" branch-rate="0">
                            <lines>
                                <line hits="0" number="118" branch="false"/>
                            </lines>
                        </method>
                        <method name="&lt;talos_sdk::a2a_v1::A2AJsonRpcClient&gt;::stream_events::{closure#0}" signature="" complexity="0" line-rate="1" branch-rate="1">
                            <lines>
                                <line hits="2" number="300" branch="false"/>
                            </lines>
                        </method>
                        <method name="&lt;talos_sdk::a2a_v1::A2AJsonRpcClient&gt;::get_agent_card::{closure#0}" signature="" complexity="0" line-rate="0" branch-rate="0">
                            <lines>
                                <line hits="0" number="94" branch="false"/>
                            </lines>
                        </method>
                        <method name="&lt;talos_sdk::a2a_v1::A2AJsonRpcClient&gt;::request_stream::{closure#0}" signature="" complexity="0" line-rate="1" branch-rate="1">
                            <lines>
                                <line hits="2" number="413" branch="false"/>
                            </lines>
                        </method>
                        <method name="&lt;talos_sdk::a2a_v1::A2AJsonRpcClient&gt;::subscribe_to_task::{closure#0}" signature="" complexity="0" line-rate="0" branch-rate="0">
                            <lines>
                                <line hits="0" number="261" branch="false"/>
                            </lines>
                        </method>
                        <method name="&lt;talos_sdk::a2a_v1::A2AJsonRpcClient&gt;::send_streaming_message::{closure#0}" signature="" complexity="0" line-rate="0" branch-rate="0">
                            <lines>
                                <line hits="0" number="131" branch="false"/>
                            </lines>
                        </method>
                        <method name="&lt;talos_sdk::a2a_v1::A2AJsonRpcClient&gt;::get_extended_agent_card::{closure#0}" signature="" complexity="0" line-rate="0" branch-rate="0">
                            <lines>
                                <line hits="0" number="102" branch="false"/>
                            </lines>
                        </method>
                        <method name="&lt;talos_sdk::a2a_v1::A2AJsonRpcClient&gt;::subscribe_to_task_events::{closure#0}" signature="" complexity="0" line-rate="1" branch-rate="1">
                            <lines>
                                <line hits="1" number="270" branch="false"/>
                            </lines>
                        </method>
                        <method name="&lt;talos_sdk::a2a_v1::A2AJsonRpcClient&gt;::send_streaming_message_events::{closure#0}" signature="" complexity="0" line-rate="1" branch-rate="1">
                            <lines>
                                <line hits="1" number="145" branch="false"/>
                            </lines>
                        </method>
                        <method name="&lt;talos_sdk::a2a_v1::A2AJsonRpcClient&gt;::get_task_push_notification_config::{closure#0}" signature="" complexity="0" line-rate="0" branch-rate="0">
                            <lines>
                                <line hits="0" number="226" branch="false"/>
                            </lines>
                        </method>
                        <method name="&lt;talos_sdk::a2a_v1::A2AJsonRpcClient&gt;::set_task_push_notification_config::{closure#0}" signature="" complexity="0" line-rate="0" branch-rate="0">
                            <lines>
                                <line hits="0" number="204" branch="false"/>
                            </lines>
                        </method>
                        <method name="&lt;talos_sdk::a2a_v1::A2AJsonRpcClient&gt;::list_task_push_notification_configs::{closure#0}" signature="" complexity="0" line-rate="0" branch-rate="0">
                            <lines>
                                <line hits="0" number="237" branch="false"/>
                            </lines>
                        </method>
                        <method name="&lt;talos_sdk::a2a_v1::A2AJsonRpcClient&gt;::delete_task_push_notification_config::{closure#0}" signature="" complexity="0" line-rate="0" branch-rate="0">
                            <lines>
                                <line hits="0" number="249" branch="false"/>
                            </lines>
                        </method>
                        <method name="&lt;talos_sdk::a2a_v1::A2AJsonRpcClient&gt;::get_authenticated_extended_agent_card::{closure#0}" signature="" complexity="0" line-rate="0" branch-rate="0">
                            <lines>
                                <line hits="0" number="110" branch="false"/>
                            </lines>
                        </method>
                        <method name="&lt;talos_sdk::a2a_v1::A2AJsonRpcClient&gt;::rpc::{closure#0}" signature="" complexity="0" line-rate="0" branch-rate="0">
                            <lines>
                                <line hits="0" number="275" branch="false"/>
                            </lines>
                        </method>
                        <method name="&lt;talos_sdk::a2a_v1::A2AJsonRpcClient&gt;::stream::{closure#0}" signature="" complexity="0" line-rate="0" branch-rate="0">
                            <lines>
                                <line hits="0" number="286" branch="false"/>
                            </lines>
                        </method>
                        <method name="&lt;talos_sdk::a2a_v1::A2AJsonRpcClient&gt;::message::{closure#0}" signature="" complexity="0" line-rate="1" branch-rate="1">
                            <lines>
                                <line hits="3" number="442" branch="false"/>
                            </lines>
                        </method>
                        <method name="&lt;talos_sdk::a2a_v1::A2AJsonRpcClient&gt;::get_task::{closure#0}" signature="" complexity="0" line-rate="0" branch-rate="0">
                            <lines>
                                <line hits="0" number="159" branch="false"/>
                            </lines>
                        </method>
                        <method name="talos_sdk::a2a_v1::extension_uris::{closure#0}" signature="" complexity="0" line-rate="1" branch-rate="1">
                            <lines>
                                <line hits="3" number="520" branch="false"/>
                            </lines>
                        </method>
                        <method name="talos_sdk::a2a_v1::extension_uris::{closure#1}" signature="" complexity="0" line-rate="1" branch-rate="1">
                            <lines>
                                <line hits="3" number="522" branch="false"/>
                            </lines>
                        </method>
                        <method name="talos_sdk::a2a_v1::extract_result::{closure#0}" signature="" complexity="0" line-rate="0" branch-rate="0">
                            <lines>
                                <line hits="0" number="567" branch="false"/>
                            </lines>
                        </method>
                        <method name="talos_sdk::a2a_v1::process_sse_line::{closure#0}" signature="" complexity="0" line-rate="0" branch-rate="0">
                            <lines>
                                <line hits="0" number="624" branch="false"/>
                            </lines>
                        </method>
                        <method name="talos_sdk::a2a_v1::supports_extension::{closure#0}" signature="" complexity="0" line-rate="1" branch-rate="1">
                            <lines>
                                <line hits="5" number="536" branch="false"/>
                            </lines>
                        </method>
                        <method name="talos_sdk::a2a_v1::supported_interfaces::{closure#0}" signature="" complexity="0" line-rate="1" branch-rate="1">
                            <lines>
                                <line hits="1" number="507" branch="false"/>
                            </lines>
                        </method>
                        <method name="talos_sdk::a2a_v1::extract_stream_results::{closure#0}" signature="" complexity="0" line-rate="1" branch-rate="1">
                            <lines>
                                <line hits="2" number="577" branch="false"/>
                            </lines>
                        </method>
                        <method name="talos_sdk::a2a_v1::tests::spawn_test_server::{closure#0}" signature="" complexity="0" line-rate="1" branch-rate="1">
                            <lines>
                                <line hits="2" number="835" branch="false"/>
                            </lines>
                        </method>
                        <method name="talos_sdk::a2a_v1::tests::streams_events_as_async_stream::{closure#0}" signature="" complexity="0" line-rate="1" branch-rate="1">
                            <lines>
                                <line hits="1" number="776" branch="false"/>
                            </lines>
                        </method>
                        <method name="talos_sdk::a2a_v1::tests::stream_events_surface_json_rpc_errors::{closure#0}" signature="" complexity="0" line-rate="1" branch-rate="1">
                            <lines>
                                <line hits="1" number="809" branch="false"/>
                            </lines>
                        </method>
                        <method name="talos_sdk::a2a_v1::tests::drains_partial_sse_buffers_incrementally::{closure#0}" signature="" complexity="0" line-rate="1" branch-rate="1">
                            <lines>
                                <line hits="1" number="756" branch="false"/>
                            </lines>
                        </method>
                        <method name="talos_sdk::a2a_v1::tests::drains_partial_sse_buffers_incrementally::{closure#1}" signature="" complexity="0" line-rate="1" branch-rate="1">
                            <lines>
                                <line hits="1" number="766" branch="false"/>
                            </lines>
                        </method>
                        <method name="&lt;talos_sdk::a2a_v1::A2AJsonRpcClient&gt;::list_tasks" signature="" complexity="0" line-rate="0" branch-rate="0">
                            <lines>
                                <line hits="0" number="173" branch="false"/>
                            </lines>
                        </method>
                        <method name="&lt;talos_sdk::a2a_v1::A2AJsonRpcClient&gt;::cancel_task" signature="" complexity="0" line-rate="0" branch-rate="0">
                            <lines>
                                <line hits="0" number="164" branch="false"/>
                            </lines>
                        </method>
                        <method name="&lt;talos_sdk::a2a_v1::A2AJsonRpcClient&gt;::rpc_payload" signature="" complexity="0" line-rate="1" branch-rate="1">
                            <lines>
                                <line hits="2" number="479" branch="false"/>
                            </lines>
                        </method>
                        <method name="&lt;talos_sdk::a2a_v1::A2AJsonRpcClient&gt;::task_params" signature="" complexity="0" line-rate="1" branch-rate="1">
                            <lines>
                                <line hits="2" number="459" branch="false"/>
                            </lines>
                        </method>
                        <method name="&lt;talos_sdk::a2a_v1::A2AJsonRpcClient&gt;::request_json" signature="" complexity="0" line-rate="0" branch-rate="0">
                            <lines>
                                <line hits="0" number="384" branch="false"/>
                            </lines>
                        </method>
                        <method name="&lt;talos_sdk::a2a_v1::A2AJsonRpcClient&gt;::send_message" signature="" complexity="0" line-rate="0" branch-rate="0">
                            <lines>
                                <line hits="0" number="114" branch="false"/>
                            </lines>
                        </method>
                        <method name="&lt;talos_sdk::a2a_v1::A2AJsonRpcClient&gt;::stream_events" signature="" complexity="0" line-rate="1" branch-rate="1">
                            <lines>
                                <line hits="2" number="296" branch="false"/>
                            </lines>
                        </method>
                        <method name="&lt;talos_sdk::a2a_v1::A2AJsonRpcClient&gt;::get_agent_card" signature="" complexity="0" line-rate="0" branch-rate="0">
                            <lines>
                                <line hits="0" number="94" branch="false"/>
                            </lines>
                        </method>
                        <method name="&lt;talos_sdk::a2a_v1::A2AJsonRpcClient&gt;::request_stream" signature="" complexity="0" line-rate="1" branch-rate="1">
                            <lines>
                                <line hits="2" number="410" branch="false"/>
                            </lines>
                        </method>
                        <method name="&lt;talos_sdk::a2a_v1::A2AJsonRpcClient&gt;::stream_payload" signature="" complexity="0" line-rate="1" branch-rate="1">
                            <lines>
                                <line hits="4" number="491" branch="false"/>
                            </lines>
                        </method>
                        <method name="&lt;talos_sdk::a2a_v1::A2AJsonRpcClient&gt;::subscribe_to_task" signature="" complexity="0" line-rate="0" branch-rate="0">
                            <lines>
                                <line hits="0" number="257" branch="false"/>
                            </lines>
                        </method>
                        <method name="&lt;talos_sdk::a2a_v1::A2AJsonRpcClient&gt;::send_streaming_message" signature="" complexity="0" line-rate="0" branch-rate="0">
                            <lines>
                                <line hits="0" number="127" branch="false"/>
                            </lines>
                        </method>
                        <method name="&lt;talos_sdk::a2a_v1::A2AJsonRpcClient&gt;::get_extended_agent_card" signature="" complexity="0" line-rate="0" branch-rate="0">
                            <lines>
                                <line hits="0" number="102" branch="false"/>
                            </lines>
                        </method>
                        <method name="&lt;talos_sdk::a2a_v1::A2AJsonRpcClient&gt;::subscribe_to_task_events" signature="" complexity="0" line-rate="1" branch-rate="1">
                            <lines>
                                <line hits="1" number="266" branch="false"/>
                            </lines>
                        </method>
                        <method name="&lt;talos_sdk::a2a_v1::A2AJsonRpcClient&gt;::send_streaming_message_events" signature="" complexity="0" line-rate="1" branch-rate="1">
                            <lines>
                                <line hits="1" number="141" branch="false"/>
                            </lines>
                        </method>
                        <method name="&lt;talos_sdk::a2a_v1::A2AJsonRpcClient&gt;::get_task_push_notification_config" signature="" complexity="0" line-rate="0" branch-rate="0">
                            <lines>
                                <line hits="0" number="222" branch="false"/>
                            </lines>
                        </method>
                        <method name="&lt;talos_sdk::a2a_v1::A2AJsonRpcClient&gt;::set_task_push_notification_config" signature="" complexity="0" line-rate="0" branch-rate="0">
                            <lines>
                                <line hits="0" number="200" branch="false"/>
                            </lines>
                        </method>
                        <method name="&lt;talos_sdk::a2a_v1::A2AJsonRpcClient&gt;::list_task_push_notification_configs" signature="" complexity="0" line-rate="0" branch-rate="0">
                            <lines>
                                <line hits="0" number="234" branch="false"/>
                            </lines>
                        </method>
                        <method name="&lt;talos_sdk::a2a_v1::A2AJsonRpcClient&gt;::delete_task_push_notification_config" signature="" complexity="0" line-rate="0" branch-rate="0">
                            <lines>
                                <line hits="0" number="245" branch="false"/>
                            </lines>
                        </method>
                        <method name="&lt;talos_sdk::a2a_v1::A2AJsonRpcClient&gt;::get_authenticated_extended_agent_card" signature="" complexity="0" line-rate="0" branch-rate="0">
                            <lines>
                                <line hits="0" number="110" branch="false"/>
                            </lines>
                        </method>
                        <method name="&lt;talos_sdk::a2a_v1::A2AJsonRpcClient&gt;::rpc" signature="" complexity="0" line-rate="0" branch-rate="0">
                            <lines>
                                <line hits="0" number="275" branch="false"/>
                            </lines>
                        </method>
                        <method name="&lt;talos_sdk::a2a_v1::A2AJsonRpcClient&gt;::new_id" signature="" complexity="0" line-rate="1" branch-rate="1">
                            <lines>
                                <line hits="9" number="475" branch="false"/>
                            </lines>
                        </method>
                        <method name="&lt;talos_sdk::a2a_v1::A2AJsonRpcClient&gt;::stream" signature="" complexity="0" line-rate="0" branch-rate="0">
                            <lines>
                                <line hits="0" number="286" branch="false"/>
                            </lines>
                        </method>
                        <method name="&lt;talos_sdk::a2a_v1::A2AJsonRpcClient&gt;::message" signature="" complexity="0" line-rate="1" branch-rate="1">
                            <lines>
                                <line hits="3" number="434" branch="false"/>
                            </lines>
                        </method>
                        <method name="&lt;talos_sdk::a2a_v1::A2AJsonRpcClient&gt;::get_task" signature="" complexity="0" line-rate="0" branch-rate="0">
                            <lines>
                                <line hits="0" number="155" branch="false"/>
                            </lines>
                        </method>
                        <method name="talos_sdk::a2a_v1::pop_sse_event" signature="" complexity="0" line-rate="1" branch-rate="1">
                            <lines>
                                <line hits="15" number="584" branch="false"/>
                            </lines>
                        </method>
                        <method name="talos_sdk::a2a_v1::extension_uris" signature="" complexity="0" line-rate="1" branch-rate="1">
                            <lines>
                                <line hits="3" number="517" branch="false"/>
                            </lines>
                        </method>
                        <method name="talos_sdk::a2a_v1::extract_result" signature="" complexity="0" line-rate="1" branch-rate="1">
                            <lines>
                                <line hits="9" number="551" branch="false"/>
                            </lines>
                        </method>
                        <method name="talos_sdk::a2a_v1::process_sse_line" signature="" complexity="0" line-rate="1" branch-rate="1">
                            <lines>
                                <line hits="12" number="615" branch="false"/>
                            </lines>
                        </method>
                        <method name="talos_sdk::a2a_v1::supports_extension" signature="" complexity="0" line-rate="1" branch-rate="1">
                            <lines>
                                <line hits="3" number="533" branch="false"/>
                            </lines>
                        </method>
                        <method name="talos_sdk::a2a_v1::supported_interfaces" signature="" complexity="0" line-rate="1" branch-rate="1">
                            <lines>
                                <line hits="1" number="504" branch="false"/>
                            </lines>
                        </method>
                        <method name="talos_sdk::a2a_v1::extract_stream_results" signature="" complexity="0" line-rate="1" branch-rate="1">
                            <lines>
                                <line hits="2" number="574" branch="false"/>
                            </lines>
                        </method>
                        <method name="talos_sdk::a2a_v1::supports_talos_attestation" signature="" complexity="0" line-rate="1" branch-rate="1">
                            <lines>
                                <line hits="1" number="543" branch="false"/>
                            </lines>
                        </method>
                        <method name="talos_sdk::a2a_v1::supports_talos_compat_jsonrpc" signature="" complexity="0" line-rate="1" branch-rate="1">
                            <lines>
                                <line hits="1" number="547" branch="false"/>
                            </lines>
                        </method>
                        <method name="talos_sdk::a2a_v1::supports_talos_secure_channels" signature="" complexity="0" line-rate="1" branch-rate="1">
                            <lines>
                                <line hits="1" number="539" branch="false"/>
                            </lines>
                        </method>
                        <method name="talos_sdk::a2a_v1::uuid_like" signature="" complexity="0" line-rate="1" branch-rate="1">
                            <lines>
                                <line hits="9" number="628" branch="false"/>
                            </lines>
                        </method>
                        <method name="talos_sdk::a2a_v1::tests::spawn_test_server" signature="" complexity="0" line-rate="1" branch-rate="1">
                            <lines>
                                <line hits="2" number="835" branch="false"/>
                            </lines>
                        </method>
                        <method name="talos_sdk::a2a_v1::tests::surfaces_json_rpc_errors" signature="" complexity="0" line-rate="1" branch-rate="1">
                            <lines>
                                <line hits="1" number="698" branch="false"/>
                            </lines>
                        </method>
                        <method name="talos_sdk::a2a_v1::tests::streams_events_as_async_stream" signature="" complexity="0" line-rate="1" branch-rate="1">
                            <lines>
                                <line hits="1" number="776" branch="false"/>
                            </lines>
                        </method>
                        <method name="talos_sdk::a2a_v1::tests::uses_canonical_json_rpc_methods" signature="" complexity="0" line-rate="1" branch-rate="1">
                            <lines>
                                <line hits="1" number="665" branch="false"/>
                            </lines>
                        </method>
                        <method name="talos_sdk::a2a_v1::tests::uses_canonical_streaming_methods" signature="" complexity="0" line-rate="1" branch-rate="1">
                            <lines>
                                <line hits="1" number="680" branch="false"/>
                            </lines>
                        </method>
                        <method name="talos_sdk::a2a_v1::tests::extracts_stream_results_and_errors" signature="" complexity="0" line-rate="1" branch-rate="1">
                            <lines>
                                <line hits="1" number="725" branch="false"/>
                            </lines>
                        </method>
                        <method name="talos_sdk::a2a_v1::tests::stream_events_surface_json_rpc_errors" signature="" complexity="0" line-rate="1" branch-rate="1">
                            <lines>
                                <line hits="1" number="809" branch="false"/>
                            </lines>
                        </method>
                        <method name="talos_sdk::a2a_v1::tests::gets_agent_card_and_reports_extensions" signature="" complexity="0" line-rate="1" branch-rate="1">
                            <lines>
                                <line hits="1" number="647" branch="false"/>
                            </lines>
                        </method>
                        <method name="talos_sdk::a2a_v1::tests::drains_partial_sse_buffers_incrementally" signature="" complexity="0" line-rate="1" branch-rate="1">
                            <lines>
                                <line hits="1" number="751" branch="false"/>
                            </lines>
                        </method>
                    </methods>
                    <lines>
                        <line branch="false" hits="4" number="75"/>
                        <line branch="false" hits="4" number="76"/>
                        <line branch="false" hits="4" number="77"/>
                        <line branch="false" hits="4" number="78"/>
                        <line branch="false" hits="4" number="79"/>
                        <line branch="false" hits="4" number="80"/>
                        <line branch="false" hits="4" number="82"/>
                        <line branch="false" hits="4" number="83"/>
                        <line branch="false" hits="4" number="84"/>
                        <line branch="false" hits="4" number="85"/>
                        <line branch="false" hits="4" number="86"/>
                        <line branch="false" hits="4" number="87"/>
                        <line branch="false" hits="2" number="89"/>
                        <line branch="false" hits="2" number="90"/>
                        <line branch="false" hits="2" number="91"/>
                        <line branch="false" hits="2" number="92"/>
                        <line branch="false" hits="0" number="94"/>
                        <line branch="false" hits="0" number="95"/>
                        <line branch="false" hits="0" number="96"/>
                        <line branch="false" hits="0" number="97"/>
                        <line branch="false" hits="0" number="98"/>
                        <line branch="false" hits="0" number="99"/>
                        <line branch="false" hits="0" number="100"/>
                        <line branch="false" hits="0" number="102"/>
                        <line branch="false" hits="0" number="103"/>
                        <line branch="false" hits="0" number="104"/>
                        <line branch="false" hits="0" number="105"/>
                        <line branch="false" hits="0" number="106"/>
                        <line branch="false" hits="0" number="107"/>
                        <line branch="false" hits="0" number="108"/>
                        <line branch="false" hits="0" number="110"/>
                        <line branch="false" hits="0" number="111"/>
                        <line branch="false" hits="0" number="112"/>
                        <line branch="false" hits="0" number="114"/>
                        <line branch="false" hits="0" number="115"/>
                        <line branch="false" hits="0" number="116"/>
                        <line branch="false" hits="0" number="117"/>
                        <line branch="false" hits="0" number="118"/>
                        <line branch="false" hits="0" number="119"/>
                        <line branch="false" hits="0" number="120"/>
                        <line branch="false" hits="0" number="121"/>
                        <line branch="false" hits="0" number="122"/>
                        <line branch="false" hits="0" number="123"/>
                        <line branch="false" hits="0" number="124"/>
                        <line branch="false" hits="0" number="125"/>
                        <line branch="false" hits="0" number="127"/>
                        <line branch="false" hits="0" number="128"/>
                        <line branch="false" hits="0" number="129"/>
                        <line branch="false" hits="0" number="130"/>
                        <line branch="false" hits="0" number="131"/>
                        <line branch="false" hits="0" number="132"/>
                        <line branch="false" hits="0" number="133"/>
                        <line branch="false" hits="0" number="134"/>
                        <line branch="false" hits="0" number="135"/>
                        <line branch="false" hits="0" number="136"/>
                        <line branch="false" hits="0" number="137"/>
                        <line branch="false" hits="0" number="138"/>
                        <line branch="false" hits="0" number="139"/>
                        <line branch="false" hits="1" number="141"/>
                        <line branch="false" hits="1" number="142"/>
                        <line branch="false" hits="1" number="143"/>
                        <line branch="false" hits="1" number="144"/>
                        <line branch="false" hits="1" number="145"/>
                        <line branch="false" hits="1" number="146"/>
                        <line branch="false" hits="1" number="147"/>
                        <line branch="false" hits="1" number="148"/>
                        <line branch="false" hits="0" number="149"/>
                        <line branch="false" hits="1" number="150"/>
                        <line branch="false" hits="1" number="151"/>
                        <line branch="false" hits="1" number="152"/>
                        <line branch="false" hits="1" number="153"/>
                        <line branch="false" hits="0" number="155"/>
                        <line branch="false" hits="0" number="156"/>
                        <line branch="false" hits="0" number="157"/>
                        <line branch="false" hits="0" number="158"/>
                        <line branch="false" hits="0" number="159"/>
                        <line branch="false" hits="0" number="160"/>
                        <line branch="false" hits="0" number="161"/>
                        <line branch="false" hits="0" number="162"/>
                        <line branch="false" hits="0" number="164"/>
                        <line branch="false" hits="0" number="165"/>
                        <line branch="false" hits="0" number="166"/>
                        <line branch="false" hits="0" number="167"/>
                        <line branch="false" hits="0" number="168"/>
                        <line branch="false" hits="0" number="169"/>
                        <line branch="false" hits="0" number="170"/>
                        <line branch="false" hits="0" number="171"/>
                        <line branch="false" hits="0" number="173"/>
                        <line branch="false" hits="0" number="174"/>
                        <line branch="false" hits="0" number="175"/>
                        <line branch="false" hits="0" number="176"/>
                        <line branch="false" hits="0" number="177"/>
                        <line branch="false" hits="0" number="179"/>
                        <line branch="false" hits="0" number="180"/>
                        <line branch="false" hits="0" number="181"/>
                        <line branch="false" hits="0" number="182"/>
                        <line branch="false" hits="0" number="183"/>
                        <line branch="false" hits="0" number="184"/>
                        <line branch="false" hits="0" number="185"/>
                        <line branch="false" hits="0" number="186"/>
                        <line branch="false" hits="0" number="187"/>
                        <line branch="false" hits="0" number="188"/>
                        <line branch="false" hits="0" number="189"/>
                        <line branch="false" hits="0" number="190"/>
                        <line branch="false" hits="0" number="191"/>
                        <line branch="false" hits="0" number="192"/>
                        <line branch="false" hits="0" number="193"/>
                        <line branch="false" hits="0" number="194"/>
                        <line branch="false" hits="0" number="195"/>
                        <line branch="false" hits="0" number="196"/>
                        <line branch="false" hits="0" number="197"/>
                        <line branch="false" hits="0" number="198"/>
                        <line branch="false" hits="0" number="200"/>
                        <line branch="false" hits="0" number="201"/>
                        <line branch="false" hits="0" number="202"/>
                        <line branch="false" hits="0" number="203"/>
                        <line branch="false" hits="0" number="204"/>
                        <line branch="false" hits="0" number="205"/>
                        <line branch="false" hits="0" number="206"/>
                        <line branch="false" hits="0" number="207"/>
                        <line branch="false" hits="0" number="208"/>
                        <line branch="false" hits="0" number="209"/>
                        <line branch="false" hits="0" number="211"/>
                        <line branch="false" hits="0" number="212"/>
                        <line branch="false" hits="0" number="213"/>
                        <line branch="false" hits="0" number="214"/>
                        <line branch="false" hits="0" number="215"/>
                        <line branch="false" hits="0" number="216"/>
                        <line branch="false" hits="0" number="217"/>
                        <line branch="false" hits="0" number="218"/>
                        <line branch="false" hits="0" number="219"/>
                        <line branch="false" hits="0" number="220"/>
                        <line branch="false" hits="0" number="222"/>
                        <line branch="false" hits="0" number="223"/>
                        <line branch="false" hits="0" number="224"/>
                        <line branch="false" hits="0" number="225"/>
                        <line branch="false" hits="0" number="226"/>
                        <line branch="false" hits="0" number="227"/>
                        <line branch="false" hits="0" number="228"/>
                        <line branch="false" hits="0" number="229"/>
                        <line branch="false" hits="0" number="230"/>
                        <line branch="false" hits="0" number="231"/>
                        <line branch="false" hits="0" number="232"/>
                        <line branch="false" hits="0" number="234"/>
                        <line branch="false" hits="0" number="235"/>
                        <line branch="false" hits="0" number="236"/>
                        <line branch="false" hits="0" number="237"/>
                        <line branch="false" hits="0" number="238"/>
                        <line branch="false" hits="0" number="239"/>
                        <line branch="false" hits="0" number="240"/>
                        <line branch="false" hits="0" number="241"/>
                        <line branch="false" hits="0" number="242"/>
                        <line branch="false" hits="0" number="243"/>
                        <line branch="false" hits="0" number="245"/>
                        <line branch="false" hits="0" number="246"/>
                        <line branch="false" hits="0" number="247"/>
                        <line branch="false" hits="0" number="248"/>
                        <line branch="false" hits="0" number="249"/>
                        <line branch="false" hits="0" number="250"/>
                        <line branch="false" hits="0" number="251"/>
                        <line branch="false" hits="0" number="252"/>
                        <line branch="false" hits="0" number="253"/>
                        <line branch="false" hits="0" number="254"/>
                        <line branch="false" hits="0" number="255"/>
                        <line branch="false" hits="0" number="257"/>
                        <line branch="false" hits="0" number="258"/>
                        <line branch="false" hits="0" number="259"/>
                        <line branch="false" hits="0" number="260"/>
                        <line branch="false" hits="0" number="261"/>
                        <line branch="false" hits="0" number="262"/>
                        <line branch="false" hits="0" number="263"/>
                        <line branch="false" hits="0" number="264"/>
                        <line branch="false" hits="1" number="266"/>
                        <line branch="false" hits="1" number="267"/>
                        <line branch="false" hits="1" number="268"/>
                        <line branch="false" hits="1" number="269"/>
                        <line branch="false" hits="1" number="270"/>
                        <line branch="false" hits="1" number="271"/>
                        <line branch="false" hits="1" number="272"/>
                        <line branch="false" hits="1" number="273"/>
                        <line branch="false" hits="0" number="275"/>
                        <line branch="false" hits="0" number="276"/>
                        <line branch="false" hits="0" number="277"/>
                        <line branch="false" hits="0" number="278"/>
                        <line branch="false" hits="0" number="279"/>
                        <line branch="false" hits="0" number="280"/>
                        <line branch="false" hits="0" number="281"/>
                        <line branch="false" hits="0" number="282"/>
                        <line branch="false" hits="0" number="283"/>
                        <line branch="false" hits="0" number="284"/>
                        <line branch="false" hits="0" number="286"/>
                        <line branch="false" hits="0" number="287"/>
                        <line branch="false" hits="0" number="288"/>
                        <line branch="false" hits="0" number="289"/>
                        <line branch="false" hits="0" number="290"/>
                        <line branch="false" hits="0" number="291"/>
                        <line branch="false" hits="0" number="292"/>
                        <line branch="false" hits="0" number="293"/>
                        <line branch="false" hits="0" number="294"/>
                        <line branch="false" hits="2" number="296"/>
                        <line branch="false" hits="2" number="297"/>
                        <line branch="false" hits="2" number="298"/>
                        <line branch="false" hits="2" number="299"/>
                        <line branch="false" hits="2" number="300"/>
                        <line branch="false" hits="2" number="301"/>
                        <line branch="false" hits="2" number="302"/>
                        <line branch="false" hits="2" number="303"/>
                        <line branch="false" hits="2" number="304"/>
                        <line branch="false" hits="2" number="305"/>
                        <line branch="false" hits="2" number="306"/>
                        <line branch="false" hits="2" number="307"/>
                        <line branch="false" hits="2" number="308"/>
                        <line branch="false" hits="2" number="310"/>
                        <line branch="false" hits="2" number="311"/>
                        <line branch="false" hits="2" number="312"/>
                        <line branch="false" hits="2" number="313"/>
                        <line branch="false" hits="2" number="314"/>
                        <line branch="false" hits="2" number="315"/>
                        <line branch="false" hits="4" number="317"/>
                        <line branch="false" hits="7" number="319"/>
                        <line branch="false" hits="2" number="320"/>
                        <line branch="false" hits="1" number="321"/>
                        <line branch="false" hits="1" number="322"/>
                        <line branch="false" hits="3" number="323"/>
                        <line branch="false" hits="3" number="326"/>
                        <line branch="false" hits="2" number="327"/>
                        <line branch="false" hits="2" number="328"/>
                        <line branch="false" hits="0" number="329"/>
                        <line branch="false" hits="0" number="330"/>
                        <line branch="false" hits="0" number="331"/>
                        <line branch="false" hits="0" number="332"/>
                        <line branch="false" hits="0" number="333"/>
                        <line branch="false" hits="0" number="336"/>
                        <line branch="false" hits="0" number="337"/>
                        <line branch="false" hits="1" number="339"/>
                        <line branch="false" hits="8" number="342"/>
                        <line branch="false" hits="2" number="344"/>
                        <line branch="false" hits="2" number="345"/>
                        <line branch="false" hits="0" number="347"/>
                        <line branch="false" hits="0" number="348"/>
                        <line branch="false" hits="0" number="349"/>
                        <line branch="false" hits="0" number="350"/>
                        <line branch="false" hits="0" number="351"/>
                        <line branch="false" hits="0" number="352"/>
                        <line branch="false" hits="0" number="353"/>
                        <line branch="false" hits="0" number="354"/>
                        <line branch="false" hits="0" number="355"/>
                        <line branch="false" hits="0" number="356"/>
                        <line branch="false" hits="0" number="357"/>
                        <line branch="false" hits="0" number="358"/>
                        <line branch="false" hits="0" number="359"/>
                        <line branch="false" hits="0" number="360"/>
                        <line branch="false" hits="0" number="361"/>
                        <line branch="false" hits="0" number="362"/>
                        <line branch="false" hits="0" number="363"/>
                        <line branch="false" hits="0" number="365"/>
                        <line branch="false" hits="0" number="366"/>
                        <line branch="false" hits="0" number="368"/>
                        <line branch="false" hits="0" number="369"/>
                        <line branch="false" hits="0" number="370"/>
                        <line branch="false" hits="0" number="371"/>
                        <line branch="false" hits="0" number="372"/>
                        <line branch="false" hits="0" number="373"/>
                        <line branch="false" hits="0" number="374"/>
                        <line branch="false" hits="0" number="378"/>
                        <line branch="false" hits="0" number="379"/>
                        <line branch="false" hits="0" number="381"/>
                        <line branch="false" hits="0" number="382"/>
                        <line branch="false" hits="0" number="384"/>
                        <line branch="false" hits="0" number="385"/>
                        <line branch="false" hits="0" number="386"/>
                        <line branch="false" hits="0" number="387"/>
                        <line branch="false" hits="0" number="388"/>
                        <line branch="false" hits="0" number="390"/>
                        <line branch="false" hits="0" number="391"/>
                        <line branch="false" hits="0" number="392"/>
                        <line branch="false" hits="0" number="393"/>
                        <line branch="false" hits="0" number="394"/>
                        <line branch="false" hits="0" number="395"/>
                        <line branch="false" hits="0" number="397"/>
                        <line branch="false" hits="0" number="398"/>
                        <line branch="false" hits="0" number="399"/>
                        <line branch="false" hits="0" number="400"/>
                        <line branch="false" hits="0" number="401"/>
                        <line branch="false" hits="0" number="403"/>
                        <line branch="false" hits="0" number="404"/>
                        <line branch="false" hits="0" number="405"/>
                        <line branch="false" hits="0" number="406"/>
                        <line branch="false" hits="0" number="407"/>
                        <line branch="false" hits="0" number="408"/>
                        <line branch="false" hits="2" number="410"/>
                        <line branch="false" hits="2" number="411"/>
                        <line branch="false" hits="2" number="412"/>
                        <line branch="false" hits="2" number="413"/>
                        <line branch="false" hits="2" number="414"/>
                        <line branch="false" hits="2" number="415"/>
                        <line branch="false" hits="0" number="416"/>
                        <line branch="false" hits="2" number="417"/>
                        <line branch="false" hits="2" number="419"/>
                        <line branch="false" hits="2" number="420"/>
                        <line branch="false" hits="2" number="421"/>
                        <line branch="false" hits="0" number="422"/>
                        <line branch="false" hits="0" number="423"/>
                        <line branch="false" hits="0" number="424"/>
                        <line branch="false" hits="0" number="426"/>
                        <line branch="false" hits="0" number="427"/>
                        <line branch="false" hits="0" number="428"/>
                        <line branch="false" hits="0" number="429"/>
                        <line branch="false" hits="2" number="430"/>
                        <line branch="false" hits="2" number="431"/>
                        <line branch="false" hits="2" number="432"/>
                        <line branch="false" hits="3" number="434"/>
                        <line branch="false" hits="3" number="435"/>
                        <line branch="false" hits="3" number="436"/>
                        <line branch="false" hits="3" number="437"/>
                        <line branch="false" hits="3" number="439"/>
                        <line branch="false" hits="3" number="440"/>
                        <line branch="false" hits="3" number="441"/>
                        <line branch="false" hits="3" number="442"/>
                        <line branch="false" hits="3" number="445"/>
                        <line branch="false" hits="3" number="446"/>
                        <line branch="false" hits="3" number="447"/>
                        <line branch="false" hits="0" number="448"/>
                        <line branch="false" hits="3" number="449"/>
                        <line branch="false" hits="3" number="450"/>
                        <line branch="false" hits="0" number="451"/>
                        <line branch="false" hits="3" number="452"/>
                        <line branch="false" hits="3" number="453"/>
                        <line branch="false" hits="0" number="454"/>
                        <line branch="false" hits="3" number="455"/>
                        <line branch="false" hits="3" number="456"/>
                        <line branch="false" hits="3" number="457"/>
                        <line branch="false" hits="2" number="459"/>
                        <line branch="false" hits="2" number="460"/>
                        <line branch="false" hits="2" number="461"/>
                        <line branch="false" hits="2" number="462"/>
                        <line branch="false" hits="2" number="463"/>
                        <line branch="false" hits="2" number="464"/>
                        <line branch="false" hits="2" number="466"/>
                        <line branch="false" hits="0" number="467"/>
                        <line branch="false" hits="0" number="468"/>
                        <line branch="false" hits="0" number="469"/>
                        <line branch="false" hits="0" number="470"/>
                        <line branch="false" hits="2" number="471"/>
                        <line branch="false" hits="2" number="472"/>
                        <line branch="false" hits="2" number="473"/>
                        <line branch="false" hits="9" number="475"/>
                        <line branch="false" hits="9" number="476"/>
                        <line branch="false" hits="9" number="477"/>
                        <line branch="false" hits="2" number="479"/>
                        <line branch="false" hits="2" number="480"/>
                        <line branch="false" hits="2" number="481"/>
                        <line branch="false" hits="2" number="482"/>
                        <line branch="false" hits="2" number="483"/>
                        <line branch="false" hits="2" number="484"/>
                        <line branch="false" hits="2" number="485"/>
                        <line branch="false" hits="0" number="486"/>
                        <line branch="false" hits="2" number="489"/>
                        <line branch="false" hits="4" number="491"/>
                        <line branch="false" hits="4" number="492"/>
                        <line branch="false" hits="4" number="493"/>
                        <line branch="false" hits="4" number="494"/>
                        <line branch="false" hits="4" number="495"/>
                        <line branch="false" hits="4" number="496"/>
                        <line branch="false" hits="4" number="497"/>
                        <line branch="false" hits="0" number="498"/>
                        <line branch="false" hits="4" number="501"/>
                        <line branch="false" hits="1" number="504"/>
                        <line branch="false" hits="1" number="505"/>
                        <line branch="false" hits="1" number="506"/>
                        <line branch="false" hits="1" number="507"/>
                        <line branch="false" hits="1" number="508"/>
                        <line branch="false" hits="1" number="509"/>
                        <line branch="false" hits="1" number="510"/>
                        <line branch="false" hits="1" number="511"/>
                        <line branch="false" hits="1" number="512"/>
                        <line branch="false" hits="1" number="513"/>
                        <line branch="false" hits="1" number="514"/>
                        <line branch="false" hits="1" number="515"/>
                        <line branch="false" hits="3" number="517"/>
                        <line branch="false" hits="3" number="518"/>
                        <line branch="false" hits="3" number="519"/>
                        <line branch="false" hits="3" number="520"/>
                        <line branch="false" hits="3" number="521"/>
                        <line branch="false" hits="3" number="522"/>
                        <line branch="false" hits="3" number="523"/>
                        <line branch="false" hits="3" number="524"/>
                        <line branch="false" hits="3" number="525"/>
                        <line branch="false" hits="6" number="526"/>
                        <line branch="false" hits="3" number="527"/>
                        <line branch="false" hits="3" number="528"/>
                        <line branch="false" hits="3" number="529"/>
                        <line branch="false" hits="3" number="530"/>
                        <line branch="false" hits="3" number="531"/>
                        <line branch="false" hits="3" number="533"/>
                        <line branch="false" hits="3" number="534"/>
                        <line branch="false" hits="3" number="535"/>
                        <line branch="false" hits="5" number="536"/>
                        <line branch="false" hits="3" number="537"/>
                        <line branch="false" hits="1" number="539"/>
                        <line branch="false" hits="1" number="540"/>
                        <line branch="false" hits="1" number="541"/>
                        <line branch="false" hits="1" number="543"/>
                        <line branch="false" hits="1" number="544"/>
                        <line branch="false" hits="1" number="545"/>
                        <line branch="false" hits="1" number="547"/>
                        <line branch="false" hits="1" number="548"/>
                        <line branch="false" hits="1" number="549"/>
                        <line branch="false" hits="9" number="551"/>
                        <line branch="false" hits="9" number="552"/>
                        <line branch="false" hits="3" number="553"/>
                        <line branch="false" hits="3" number="554"/>
                        <line branch="false" hits="3" number="555"/>
                        <line branch="false" hits="3" number="556"/>
                        <line branch="false" hits="3" number="557"/>
                        <line branch="false" hits="3" number="558"/>
                        <line branch="false" hits="3" number="559"/>
                        <line branch="false" hits="3" number="560"/>
                        <line branch="false" hits="3" number="561"/>
                        <line branch="false" hits="6" number="562"/>
                        <line branch="false" hits="6" number="564"/>
                        <line branch="false" hits="6" number="565"/>
                        <line branch="false" hits="6" number="566"/>
                        <line branch="false" hits="6" number="567"/>
                        <line branch="false" hits="6" number="568"/>
                        <line branch="false" hits="0" number="569"/>
                        <line branch="false" hits="6" number="570"/>
                        <line branch="false" hits="6" number="571"/>
                        <line branch="false" hits="9" number="572"/>
                        <line branch="false" hits="2" number="574"/>
                        <line branch="false" hits="2" number="575"/>
                        <line branch="false" hits="2" number="576"/>
                        <line branch="false" hits="2" number="577"/>
                        <line branch="false" hits="2" number="578"/>
                        <line branch="false" hits="2" number="579"/>
                        <line branch="false" hits="2" number="580"/>
                        <line branch="false" hits="1" number="581"/>
                        <line branch="false" hits="2" number="582"/>
                        <line branch="false" hits="15" number="584"/>
                        <line branch="false" hits="19" number="585"/>
                        <line branch="false" hits="11" number="586"/>
                        <line branch="false" hits="11" number="587"/>
                        <line branch="false" hits="11" number="588"/>
                        <line branch="false" hits="5" number="589"/>
                        <line branch="false" hits="4" number="590"/>
                        <line branch="false" hits="8" number="593"/>
                        <line branch="false" hits="1" number="594"/>
                        <line branch="false" hits="1" number="595"/>
                        <line branch="false" hits="1" number="596"/>
                        <line branch="false" hits="1" number="597"/>
                        <line branch="false" hits="0" number="598"/>
                        <line branch="false" hits="7" number="599"/>
                        <line branch="false" hits="7" number="601"/>
                        <line branch="false" hits="15" number="602"/>
                        <line branch="false" hits="4" number="604"/>
                        <line branch="false" hits="4" number="605"/>
                        <line branch="false" hits="4" number="606"/>
                        <line branch="false" hits="8" number="608"/>
                        <line branch="false" hits="4" number="609"/>
                        <line branch="false" hits="3" number="612"/>
                        <line branch="false" hits="4" number="613"/>
                        <line branch="false" hits="12" number="615"/>
                        <line branch="false" hits="12" number="616"/>
                        <line branch="false" hits="4" number="617"/>
                        <line branch="false" hits="8" number="618"/>
                        <line branch="false" hits="8" number="619"/>
                        <line branch="false" hits="8" number="620"/>
                        <line branch="false" hits="0" number="621"/>
                        <line branch="false" hits="8" number="622"/>
                        <line branch="false" hits="8" number="623"/>
                        <line branch="false" hits="8" number="624"/>
                        <line branch="false" hits="8" number="625"/>
                        <line branch="false" hits="12" number="626"/>
                        <line branch="false" hits="9" number="628"/>
                        <line branch="false" hits="9" number="629"/>
                        <line branch="false" hits="9" number="630"/>
                        <line branch="false" hits="9" number="631"/>
                        <line branch="false" hits="9" number="632"/>
                        <line branch="false" hits="9" number="633"/>
                        <line branch="false" hits="9" number="634"/>
                        <line branch="false" hits="9" number="635"/>
                        <line branch="false" hits="9" number="637"/>
                        <line branch="false" hits="1" number="647"/>
                        <line branch="false" hits="1" number="648"/>
                        <line branch="false" hits="1" number="649"/>
                        <line branch="false" hits="1" number="650"/>
                        <line branch="false" hits="1" number="651"/>
                        <line branch="false" hits="1" number="652"/>
                        <line branch="false" hits="1" number="653"/>
                        <line branch="false" hits="1" number="658"/>
                        <line branch="false" hits="1" number="659"/>
                        <line branch="false" hits="1" number="660"/>
                        <line branch="false" hits="1" number="661"/>
                        <line branch="false" hits="1" number="662"/>
                        <line branch="false" hits="1" number="665"/>
                        <line branch="false" hits="1" number="666"/>
                        <line branch="false" hits="1" number="667"/>
                        <line branch="false" hits="1" number="668"/>
                        <line branch="false" hits="1" number="669"/>
                        <line branch="false" hits="1" number="670"/>
                        <line branch="false" hits="1" number="671"/>
                        <line branch="false" hits="1" number="675"/>
                        <line branch="false" hits="1" number="676"/>
                        <line branch="false" hits="1" number="677"/>
                        <line branch="false" hits="1" number="680"/>
                        <line branch="false" hits="1" number="681"/>
                        <line branch="false" hits="1" number="682"/>
                        <line branch="false" hits="1" number="683"/>
                        <line branch="false" hits="1" number="684"/>
                        <line branch="false" hits="1" number="685"/>
                        <line branch="false" hits="1" number="688"/>
                        <line branch="false" hits="1" number="689"/>
                        <line branch="false" hits="1" number="690"/>
                        <line branch="false" hits="1" number="693"/>
                        <line branch="false" hits="1" number="694"/>
                        <line branch="false" hits="1" number="695"/>
                        <line branch="false" hits="1" number="698"/>
                        <line branch="false" hits="1" number="699"/>
                        <line branch="false" hits="1" number="700"/>
                        <line branch="false" hits="1" number="701"/>
                        <line branch="false" hits="1" number="702"/>
                        <line branch="false" hits="1" number="703"/>
                        <line branch="false" hits="1" number="704"/>
                        <line branch="false" hits="1" number="705"/>
                        <line branch="false" hits="1" number="708"/>
                        <line branch="false" hits="1" number="710"/>
                        <line branch="false" hits="1" number="712"/>
                        <line branch="false" hits="1" number="713"/>
                        <line branch="false" hits="1" number="714"/>
                        <line branch="false" hits="1" number="716"/>
                        <line branch="false" hits="1" number="717"/>
                        <line branch="false" hits="1" number="718"/>
                        <line branch="false" hits="0" number="720"/>
                        <line branch="false" hits="1" number="722"/>
                        <line branch="false" hits="1" number="725"/>
                        <line branch="false" hits="1" number="726"/>
                        <line branch="false" hits="1" number="727"/>
                        <line branch="false" hits="1" number="728"/>
                        <line branch="false" hits="1" number="729"/>
                        <line branch="false" hits="1" number="731"/>
                        <line branch="false" hits="1" number="732"/>
                        <line branch="false" hits="1" number="733"/>
                        <line branch="false" hits="1" number="734"/>
                        <line branch="false" hits="1" number="736"/>
                        <line branch="false" hits="1" number="737"/>
                        <line branch="false" hits="1" number="739"/>
                        <line branch="false" hits="1" number="741"/>
                        <line branch="false" hits="1" number="742"/>
                        <line branch="false" hits="1" number="743"/>
                        <line branch="false" hits="1" number="744"/>
                        <line branch="false" hits="0" number="746"/>
                        <line branch="false" hits="1" number="748"/>
                        <line branch="false" hits="1" number="751"/>
                        <line branch="false" hits="1" number="752"/>
                        <line branch="false" hits="1" number="753"/>
                        <line branch="false" hits="1" number="754"/>
                        <line branch="false" hits="1" number="756"/>
                        <line branch="false" hits="1" number="757"/>
                        <line branch="false" hits="1" number="758"/>
                        <line branch="false" hits="1" number="759"/>
                        <line branch="false" hits="1" number="760"/>
                        <line branch="false" hits="1" number="762"/>
                        <line branch="false" hits="1" number="763"/>
                        <line branch="false" hits="1" number="765"/>
                        <line branch="false" hits="1" number="766"/>
                        <line branch="false" hits="1" number="767"/>
                        <line branch="false" hits="1" number="768"/>
                        <line branch="false" hits="1" number="769"/>
                        <line branch="false" hits="1" number="770"/>
                        <line branch="false" hits="1" number="772"/>
                        <line branch="false" hits="1" number="773"/>
                        <line branch="false" hits="1" number="776"/>
                        <line branch="false" hits="1" number="777"/>
                        <line branch="false" hits="1" number="778"/>
                        <line branch="false" hits="1" number="779"/>
                        <line branch="false" hits="1" number="780"/>
                        <line branch="false" hits="1" number="781"/>
                        <line branch="false" hits="1" number="783"/>
                        <line branch="false" hits="1" number="784"/>
                        <line branch="false" hits="1" number="785"/>
                        <line branch="false" hits="1" number="786"/>
                        <line branch="false" hits="1" number="787"/>
                        <line branch="false" hits="1" number="789"/>
                        <line branch="false" hits="1" number="790"/>
                        <line branch="false" hits="1" number="791"/>
                        <line branch="false" hits="1" number="792"/>
                        <line branch="false" hits="1" number="793"/>
                        <line branch="false" hits="1" number="794"/>
                        <line branch="false" hits="1" number="797"/>
                        <line branch="false" hits="1" number="798"/>
                        <line branch="false" hits="1" number="799"/>
                        <line branch="false" hits="1" number="800"/>
                        <line branch="false" hits="1" number="801"/>
                        <line branch="false" hits="1" number="802"/>
                        <line branch="false" hits="1" number="805"/>
                        <line branch="false" hits="1" number="806"/>
                        <line branch="false" hits="1" number="809"/>
                        <line branch="false" hits="1" number="810"/>
                        <line branch="false" hits="1" number="811"/>
                        <line branch="false" hits="1" number="812"/>
                        <line branch="false" hits="1" number="813"/>
                        <line branch="false" hits="1" number="815"/>
                        <line branch="false" hits="1" number="816"/>
                        <line branch="false" hits="1" number="817"/>
                        <line branch="false" hits="1" number="818"/>
                        <line branch="false" hits="1" number="819"/>
                        <line branch="false" hits="1" number="821"/>
                        <line branch="false" hits="1" number="822"/>
                        <line branch="false" hits="1" number="823"/>
                        <line branch="false" hits="1" number="824"/>
                        <line branch="false" hits="1" number="825"/>
                        <line branch="false" hits="1" number="826"/>
                        <line branch="false" hits="1" number="827"/>
                        <line branch="false" hits="1" number="828"/>
                        <line branch="false" hits="1" number="829"/>
                        <line branch="false" hits="1" number="830"/>
                        <line branch="false" hits="1" number="831"/>
                        <line branch="false" hits="1" number="832"/>
                        <line branch="false" hits="1" number="833"/>
                        <line branch="false" hits="2" number="835"/>
                        <line branch="false" hits="2" number="836"/>
                        <line branch="false" hits="2" number="837"/>
                        <line branch="false" hits="2" number="838"/>
                        <line branch="false" hits="2" number="839"/>
                        <line branch="false" hits="2" number="841"/>
                        <line branch="false" hits="2" number="842"/>
                        <line branch="false" hits="2" number="843"/>
                        <line branch="false" hits="2" number="844"/>
                        <line branch="false" hits="2" number="846"/>
                        <line branch="false" hits="2" number="847"/>
                        <line branch="false" hits="2" number="848"/>
                        <line branch="false" hits="2" number="851"/>
                        <line branch="false" hits="2" number="852"/>
                        <line branch="false" hits="2" number="853"/>
                        <line branch="false" hits="2" number="854"/>
                        <line branch="false" hits="2" number="855"/>
                        <line branch="false" hits="2" number="857"/>
                        <line branch="false" hits="2" number="858"/>
                    </lines>
                </class>
                <class branch-rate="0" complexity="0" filename="src/canonical.rs" line-rate="1" name="src.canonical.rs">
                    <methods>
                        <method name="talos_sdk::canonical::marshal::&lt;serde_json::value::Value&gt;" signature="" complexity="0" line-rate="1" branch-rate="1">
                            <lines>
                                <line hits="1" number="5" branch="false"/>
                            </lines>
                        </method>
                        <method name="talos_sdk::canonical::marshal::&lt;serde_json::value::Value&gt;::{closure#0}" signature="" complexity="0" line-rate="0" branch-rate="0">
                            <lines>
                                <line hits="0" number="6" branch="false"/>
                            </lines>
                        </method>
                    </methods>
                    <lines>
                        <line branch="false" hits="1" number="5"/>
                        <line branch="false" hits="1" number="6"/>
                        <line branch="false" hits="1" number="7"/>
                    </lines>
                </class>
                <class branch-rate="0" complexity="0" filename="src/client.rs" line-rate="0" name="src.client.rs">
                    <methods>
                        <method name="&lt;talos_sdk::client::GatewayClient&gt;::get_resource::{closure#0}::{closure#0}::{closure#0}" signature="" complexity="0" line-rate="0" branch-rate="0">
                            <lines>
                                <line hits="0" number="62" branch="false"/>
                            </lines>
                        </method>
                        <method name="&lt;talos_sdk::client::GatewayClient&gt;::get_resource::{closure#0}::{closure#0}" signature="" complexity="0" line-rate="0" branch-rate="0">
                            <lines>
                                <line hits="0" number="59" branch="false"/>
                            </lines>
                        </method>
                        <method name="&lt;talos_sdk::client::GatewayClient&gt;::get_resource::{closure#0}" signature="" complexity="0" line-rate="0" branch-rate="0">
                            <lines>
                                <line hits="0" number="44" branch="false"/>
                            </lines>
                        </method>
                        <method name="&lt;talos_sdk::client::GatewayClient&gt;::stream_resource::{closure#0}" signature="" complexity="0" line-rate="0" branch-rate="0">
                            <lines>
                                <line hits="0" number="84" branch="false"/>
                            </lines>
[...]
                        <line branch="false" hits="0" number="1381"/>
                        <line branch="false" hits="0" number="1382"/>
                        <line branch="false" hits="0" number="1383"/>
                        <line branch="false" hits="0" number="1384"/>
                        <line branch="false" hits="0" number="1386"/>
                        <line branch="false" hits="0" number="1387"/>
                        <line branch="false" hits="0" number="1388"/>
                        <line branch="false" hits="0" number="1389"/>
                        <line branch="false" hits="0" number="1390"/>
                        <line branch="false" hits="0" number="1391"/>
                        <line branch="false" hits="0" number="1393"/>
                        <line branch="false" hits="0" number="1394"/>
                        <line branch="false" hits="0" number="1395"/>
                        <line branch="false" hits="0" number="1396"/>
                        <line branch="false" hits="0" number="1397"/>
                        <line branch="false" hits="0" number="1399"/>
                        <line branch="false" hits="0" number="1400"/>
                        <line branch="false" hits="0" number="1401"/>
                        <line branch="false" hits="0" number="1402"/>
                        <line branch="false" hits="0" number="1403"/>
                        <line branch="false" hits="0" number="1404"/>
                        <line branch="false" hits="0" number="1406"/>
                        <line branch="false" hits="0" number="1407"/>
                        <line branch="false" hits="0" number="1408"/>
                        <line branch="false" hits="0" number="1410"/>
                        <line branch="false" hits="0" number="1411"/>
                        <line branch="false" hits="0" number="1413"/>
                        <line branch="false" hits="0" number="1414"/>
                        <line branch="false" hits="0" number="1415"/>
                        <line branch="false" hits="0" number="1416"/>
                        <line branch="false" hits="0" number="1418"/>
                        <line branch="false" hits="0" number="1419"/>
                        <line branch="false" hits="0" number="1420"/>
                        <line branch="false" hits="0" number="1421"/>
                        <line branch="false" hits="0" number="1422"/>
                        <line branch="false" hits="0" number="1423"/>
                        <line branch="false" hits="0" number="1424"/>
                        <line branch="false" hits="0" number="1425"/>
                        <line branch="false" hits="0" number="1426"/>
                        <line branch="false" hits="0" number="1428"/>
                        <line branch="false" hits="0" number="1429"/>
                        <line branch="false" hits="0" number="1431"/>
                        <line branch="false" hits="0" number="1432"/>
                        <line branch="false" hits="0" number="1433"/>
                        <line branch="false" hits="0" number="1434"/>
                        <line branch="false" hits="0" number="1435"/>
                        <line branch="false" hits="0" number="1436"/>
                        <line branch="false" hits="0" number="1437"/>
                        <line branch="false" hits="0" number="1438"/>
                        <line branch="false" hits="0" number="1440"/>
                        <line branch="false" hits="0" number="1441"/>
                        <line branch="false" hits="0" number="1442"/>
                        <line branch="false" hits="0" number="1443"/>
                        <line branch="false" hits="0" number="1444"/>
                        <line branch="false" hits="0" number="1445"/>
                        <line branch="false" hits="0" number="1447"/>
                        <line branch="false" hits="0" number="1448"/>
                        <line branch="false" hits="0" number="1449"/>
                        <line branch="false" hits="0" number="1451"/>
                        <line branch="false" hits="0" number="1452"/>
                        <line branch="false" hits="0" number="1453"/>
                        <line branch="false" hits="0" number="1454"/>
                        <line branch="false" hits="0" number="1455"/>
                        <line branch="false" hits="0" number="1456"/>
                        <line branch="false" hits="0" number="1457"/>
                        <line branch="false" hits="0" number="1458"/>
                        <line branch="false" hits="0" number="1459"/>
                        <line branch="false" hits="0" number="1460"/>
                        <line branch="false" hits="0" number="1461"/>
                        <line branch="false" hits="0" number="1463"/>
                        <line branch="false" hits="0" number="1464"/>
                        <line branch="false" hits="0" number="1465"/>
                        <line branch="false" hits="0" number="1466"/>
                        <line branch="false" hits="0" number="1467"/>
                        <line branch="false" hits="0" number="1469"/>
                        <line branch="false" hits="0" number="1470"/>
                        <line branch="false" hits="0" number="1471"/>
                        <line branch="false" hits="0" number="1472"/>
                        <line branch="false" hits="0" number="1474"/>
                        <line branch="false" hits="0" number="1475"/>
                        <line branch="false" hits="0" number="1476"/>
                        <line branch="false" hits="0" number="1477"/>
                        <line branch="false" hits="0" number="1479"/>
                        <line branch="false" hits="0" number="1480"/>
                        <line branch="false" hits="0" number="1481"/>
                        <line branch="false" hits="0" number="1482"/>
                        <line branch="false" hits="0" number="1483"/>
                        <line branch="false" hits="0" number="1484"/>
                        <line branch="false" hits="0" number="1487"/>
                        <line branch="false" hits="0" number="1488"/>
                        <line branch="false" hits="0" number="1489"/>
                        <line branch="false" hits="0" number="1490"/>
                        <line branch="false" hits="0" number="1491"/>
                        <line branch="false" hits="0" number="1492"/>
                        <line branch="false" hits="0" number="1493"/>
                        <line branch="false" hits="0" number="1495"/>
                        <line branch="false" hits="0" number="1496"/>
                        <line branch="false" hits="0" number="1497"/>
                        <line branch="false" hits="0" number="1498"/>
                        <line branch="false" hits="0" number="1499"/>
                        <line branch="false" hits="0" number="1500"/>
                        <line branch="false" hits="0" number="1502"/>
                        <line branch="false" hits="0" number="1503"/>
                        <line branch="false" hits="0" number="1504"/>
                        <line branch="false" hits="0" number="1505"/>
                        <line branch="false" hits="0" number="1507"/>
                        <line branch="false" hits="0" number="1508"/>
                        <line branch="false" hits="0" number="1509"/>
                        <line branch="false" hits="0" number="1510"/>
                        <line branch="false" hits="0" number="1511"/>
                        <line branch="false" hits="0" number="1513"/>
                        <line branch="false" hits="0" number="1514"/>
                        <line branch="false" hits="0" number="1515"/>
                        <line branch="false" hits="0" number="1516"/>
                        <line branch="false" hits="0" number="1517"/>
                        <line branch="false" hits="0" number="1518"/>
                        <line branch="false" hits="0" number="1519"/>
                        <line branch="false" hits="0" number="1520"/>
                        <line branch="false" hits="0" number="1522"/>
                        <line branch="false" hits="0" number="1523"/>
                        <line branch="false" hits="0" number="1524"/>
                        <line branch="false" hits="0" number="1525"/>
                        <line branch="false" hits="0" number="1526"/>
                        <line branch="false" hits="0" number="1527"/>
                        <line branch="false" hits="0" number="1528"/>
                        <line branch="false" hits="0" number="1529"/>
                        <line branch="false" hits="0" number="1530"/>
                        <line branch="false" hits="0" number="1531"/>
                        <line branch="false" hits="0" number="1532"/>
                        <line branch="false" hits="0" number="1533"/>
                        <line branch="false" hits="0" number="1534"/>
                        <line branch="false" hits="0" number="1535"/>
                        <line branch="false" hits="0" number="1536"/>
                        <line branch="false" hits="0" number="1537"/>
                        <line branch="false" hits="0" number="1538"/>
                        <line branch="false" hits="0" number="1539"/>
                        <line branch="false" hits="0" number="1540"/>
                        <line branch="false" hits="0" number="1541"/>
                        <line branch="false" hits="0" number="1542"/>
                        <line branch="false" hits="0" number="1544"/>
                        <line branch="false" hits="0" number="1545"/>
                        <line branch="false" hits="0" number="1546"/>
                        <line branch="false" hits="0" number="1547"/>
                        <line branch="false" hits="0" number="1548"/>
                        <line branch="false" hits="0" number="1549"/>
                        <line branch="false" hits="0" number="1550"/>
                        <line branch="false" hits="0" number="1551"/>
                        <line branch="false" hits="0" number="1552"/>
                        <line branch="false" hits="0" number="1553"/>
                        <line branch="false" hits="0" number="1554"/>
                        <line branch="false" hits="0" number="1555"/>
                        <line branch="false" hits="0" number="1556"/>
                        <line branch="false" hits="0" number="1557"/>
                        <line branch="false" hits="0" number="1558"/>
                        <line branch="false" hits="0" number="1559"/>
                        <line branch="false" hits="0" number="1560"/>
                        <line branch="false" hits="0" number="1561"/>
                        <line branch="false" hits="0" number="1562"/>
                        <line branch="false" hits="0" number="1563"/>
                        <line branch="false" hits="0" number="1564"/>
                        <line branch="false" hits="0" number="1572"/>
                        <line branch="false" hits="0" number="1573"/>
                        <line branch="false" hits="0" number="1574"/>
                        <line branch="false" hits="0" number="1575"/>
                        <line branch="false" hits="0" number="1577"/>
                        <line branch="false" hits="0" number="1579"/>
                        <line branch="false" hits="0" number="1580"/>
                        <line branch="false" hits="0" number="1581"/>
                        <line branch="false" hits="0" number="1582"/>
                        <line branch="false" hits="0" number="1583"/>
                        <line branch="false" hits="0" number="1584"/>
                        <line branch="false" hits="0" number="1585"/>
                        <line branch="false" hits="0" number="1586"/>
                        <line branch="false" hits="0" number="1587"/>
                        <line branch="false" hits="0" number="1588"/>
                        <line branch="false" hits="0" number="1589"/>
                        <line branch="false" hits="0" number="1590"/>
                        <line branch="false" hits="0" number="1591"/>
                        <line branch="false" hits="0" number="1592"/>
                        <line branch="false" hits="0" number="1593"/>
                        <line branch="false" hits="0" number="1594"/>
                        <line branch="false" hits="0" number="1595"/>
                        <line branch="false" hits="0" number="1596"/>
                        <line branch="false" hits="0" number="1597"/>
                        <line branch="false" hits="0" number="1598"/>
                        <line branch="false" hits="0" number="1599"/>
                        <line branch="false" hits="0" number="1600"/>
                        <line branch="false" hits="0" number="1601"/>
                        <line branch="false" hits="0" number="1602"/>
                        <line branch="false" hits="0" number="1603"/>
                        <line branch="false" hits="0" number="1604"/>
                        <line branch="false" hits="0" number="1605"/>
                        <line branch="false" hits="0" number="1606"/>
                        <line branch="false" hits="0" number="1607"/>
                        <line branch="false" hits="0" number="1608"/>
                        <line branch="false" hits="0" number="1609"/>
                        <line branch="false" hits="0" number="1610"/>
                        <line branch="false" hits="0" number="1611"/>
                        <line branch="false" hits="0" number="1612"/>
                        <line branch="false" hits="0" number="1614"/>
                        <line branch="false" hits="0" number="1615"/>
                        <line branch="false" hits="0" number="1616"/>
                        <line branch="false" hits="0" number="1617"/>
                        <line branch="false" hits="0" number="1618"/>
                        <line branch="false" hits="0" number="1619"/>
                        <line branch="false" hits="0" number="1621"/>
                        <line branch="false" hits="0" number="1622"/>
                        <line branch="false" hits="0" number="1623"/>
                        <line branch="false" hits="0" number="1625"/>
                        <line branch="false" hits="0" number="1626"/>
                        <line branch="false" hits="0" number="1627"/>
                        <line branch="false" hits="0" number="1629"/>
                        <line branch="false" hits="0" number="1630"/>
                        <line branch="false" hits="0" number="1631"/>
                        <line branch="false" hits="0" number="1632"/>
                        <line branch="false" hits="0" number="1634"/>
                        <line branch="false" hits="0" number="1635"/>
                        <line branch="false" hits="0" number="1637"/>
                        <line branch="false" hits="0" number="1638"/>
                        <line branch="false" hits="0" number="1639"/>
                        <line branch="false" hits="0" number="1640"/>
                        <line branch="false" hits="0" number="1641"/>
                        <line branch="false" hits="0" number="1642"/>
                        <line branch="false" hits="0" number="1643"/>
                        <line branch="false" hits="0" number="1644"/>
                        <line branch="false" hits="0" number="1646"/>
                        <line branch="false" hits="0" number="1647"/>
                        <line branch="false" hits="0" number="1648"/>
                        <line branch="false" hits="0" number="1649"/>
                        <line branch="false" hits="0" number="1650"/>
                        <line branch="false" hits="0" number="1651"/>
                        <line branch="false" hits="0" number="1652"/>
                        <line branch="false" hits="0" number="1653"/>
                        <line branch="false" hits="0" number="1654"/>
                        <line branch="false" hits="0" number="1655"/>
                        <line branch="false" hits="0" number="1656"/>
                        <line branch="false" hits="0" number="1657"/>
                        <line branch="false" hits="0" number="1658"/>
                        <line branch="false" hits="0" number="1660"/>
                        <line branch="false" hits="0" number="1661"/>
                        <line branch="false" hits="0" number="1662"/>
                        <line branch="false" hits="0" number="1663"/>
                        <line branch="false" hits="0" number="1664"/>
                        <line branch="false" hits="0" number="1665"/>
                        <line branch="false" hits="0" number="1666"/>
                        <line branch="false" hits="0" number="1667"/>
                        <line branch="false" hits="0" number="1668"/>
                        <line branch="false" hits="0" number="1669"/>
                        <line branch="false" hits="0" number="1670"/>
                        <line branch="false" hits="0" number="1671"/>
                        <line branch="false" hits="0" number="1672"/>
                        <line branch="false" hits="0" number="1673"/>
                        <line branch="false" hits="0" number="1674"/>
                        <line branch="false" hits="0" number="1675"/>
                        <line branch="false" hits="0" number="1676"/>
                        <line branch="false" hits="0" number="1677"/>
                        <line branch="false" hits="0" number="1678"/>
                        <line branch="false" hits="0" number="1679"/>
                        <line branch="false" hits="0" number="1681"/>
                        <line branch="false" hits="0" number="1682"/>
                        <line branch="false" hits="0" number="1684"/>
                        <line branch="false" hits="0" number="1685"/>
                        <line branch="false" hits="0" number="1686"/>
                        <line branch="false" hits="0" number="1688"/>
                        <line branch="false" hits="0" number="1689"/>
                        <line branch="false" hits="0" number="1690"/>
                        <line branch="false" hits="0" number="1692"/>
                        <line branch="false" hits="0" number="1693"/>
                        <line branch="false" hits="0" number="1695"/>
                        <line branch="false" hits="0" number="1696"/>
                        <line branch="false" hits="0" number="1697"/>
                        <line branch="false" hits="0" number="1698"/>
                        <line branch="false" hits="0" number="1699"/>
                        <line branch="false" hits="0" number="1700"/>
                        <line branch="false" hits="0" number="1701"/>
                        <line branch="false" hits="0" number="1702"/>
                        <line branch="false" hits="0" number="1703"/>
                        <line branch="false" hits="0" number="1704"/>
                        <line branch="false" hits="0" number="1705"/>
                        <line branch="false" hits="0" number="1706"/>
                        <line branch="false" hits="0" number="1707"/>
                        <line branch="false" hits="0" number="1708"/>
                        <line branch="false" hits="0" number="1709"/>
                    </lines>
                </class>
            </classes>
        </package>
    </packages>
</coverage>